<?xml version="1.0" encoding="UTF-8"?>
<testsuite name="com.chap2.test.web.dto.HelloResponseDtoTest" tests="1" skipped="0" failures="0" errors="0" timestamp="2021-09-30T10:32:04" hostname="LAPTOP-JL83U37I" time="0.004">
  <properties/>
  <testcase name="롬복_기능_테스트" classname="com.chap2.test.web.dto.HelloResponseDtoTest" time="0.004"/>
  <system-out><![CDATA[]]></system-out>
  <system-err><![CDATA[]]></system-err>
</testsuite>
