<?xml version="1.0" encoding="UTF-8"?>
<testsuite name="com.chap2.test.web.HelloControllerTest" tests="2" skipped="0" failures="0" errors="0" timestamp="2021-09-30T10:32:06" hostname="LAPTOP-JL83U37I" time="0.289">
  <properties/>
  <testcase name="hello가_리턴된다" classname="com.chap2.test.web.HelloControllerTest" time="0.116"/>
  <testcase name="helloDto가_리턴된다" classname="com.chap2.test.web.HelloControllerTest" time="0.171"/>
  <system-out><![CDATA[2021-09-30 19:32:04.814  INFO 25624 --- [    Test worker] .b.t.a.w.s.WebMvcTestContextBootstrapper : Neither @ContextConfiguration nor @ContextHierarchy found for test class [com.chap2.test.web.HelloControllerTest], using SpringBootContextLoader
2021-09-30 19:32:04.814  INFO 25624 --- [    Test worker] o.s.t.c.support.AbstractContextLoader    : Could not detect default resource locations for test class [com.chap2.test.web.HelloControllerTest]: no resource found for suffixes {-context.xml, Context.groovy}.
2021-09-30 19:32:04.814  INFO 25624 --- [    Test worker] t.c.s.AnnotationConfigContextLoaderUtils : Could not detect default configuration classes for test class [com.chap2.test.web.HelloControllerTest]: HelloControllerTest does not declare any static, non-private, non-final, nested classes annotated with @Configuration.
2021-09-30 19:32:04.829  INFO 25624 --- [    Test worker] .b.t.c.SpringBootTestContextBootstrapper : Found @SpringBootConfiguration com.chap2.test.Application for test class com.chap2.test.web.HelloControllerTest
2021-09-30 19:32:04.829  INFO 25624 --- [    Test worker] .b.t.a.w.s.WebMvcTestContextBootstrapper : Loaded default TestExecutionListener class names from location [META-INF/spring.factories]: [org.springframework.security.test.context.support.WithSecurityContextTestExecutionListener, org.springframework.security.test.context.support.ReactorContextTestExecutionListener, org.springframework.boot.test.autoconfigure.restdocs.RestDocsTestExecutionListener, org.springframework.boot.test.autoconfigure.web.client.MockRestServiceServerResetTestExecutionListener, org.springframework.boot.test.autoconfigure.web.servlet.MockMvcPrintOnlyOnFailureTestExecutionListener, org.springframework.boot.test.autoconfigure.web.servlet.WebDriverTestExecutionListener, org.springframework.boot.test.mock.mockito.MockitoTestExecutionListener, org.springframework.boot.test.mock.mockito.ResetMocksTestExecutionListener, org.springframework.test.context.web.ServletTestExecutionListener, org.springframework.test.context.support.DirtiesContextBeforeModesTestExecutionListener, org.springframework.test.context.support.DependencyInjectionTestExecutionListener, org.springframework.test.context.support.DirtiesContextTestExecutionListener, org.springframework.test.context.transaction.TransactionalTestExecutionListener, org.springframework.test.context.jdbc.SqlScriptsTestExecutionListener]
2021-09-30 19:32:04.829  INFO 25624 --- [    Test worker] .b.t.a.w.s.WebMvcTestContextBootstrapper : Using TestExecutionListeners: [org.springframework.test.context.web.ServletTestExecutionListener@19a8fb58, org.springframework.test.context.support.DirtiesContextBeforeModesTestExecutionListener@2e53c2bd, org.springframework.boot.test.mock.mockito.MockitoTestExecutionListener@317b1d07, org.springframework.boot.test.autoconfigure.SpringBootDependencyInjectionTestExecutionListener@40271cae, org.springframework.test.context.support.DirtiesContextTestExecutionListener@1e8b4dc9, org.springframework.test.context.transaction.TransactionalTestExecutionListener@2efd228f, org.springframework.test.context.jdbc.SqlScriptsTestExecutionListener@47879172, org.springframework.security.test.context.support.WithSecurityContextTestExecutionListener@3fbd2740, org.springframework.security.test.context.support.ReactorContextTestExecutionListener@7b1cc07b, org.springframework.boot.test.autoconfigure.restdocs.RestDocsTestExecutionListener@3c327ccd, org.springframework.boot.test.autoconfigure.web.client.MockRestServiceServerResetTestExecutionListener@47c56638, org.springframework.boot.test.autoconfigure.web.servlet.MockMvcPrintOnlyOnFailureTestExecutionListener@1194cea7, org.springframework.boot.test.autoconfigure.web.servlet.WebDriverTestExecutionListener@c16dbf6, org.springframework.boot.test.mock.mockito.ResetMocksTestExecutionListener@23ed1aad]

  .   ____          _            __ _ _
 /\\ / ___'_ __ _ _(_)_ __  __ _ \ \ \ \
( ( )\___ | '_ | '_| | '_ \/ _` | \ \ \ \
 \\/  ___)| |_)| | | | | || (_| |  ) ) ) )
  '  |____| .__|_| |_|_| |_\__, | / / / /
 =========|_|==============|___/=/_/_/_/
 :: Spring Boot ::        (v2.1.7.RELEASE)

2021-09-30 19:32:04.908  INFO 25624 --- [    Test worker] com.chap2.test.web.HelloControllerTest   : Starting HelloControllerTest on LAPTOP-JL83U37I with PID 25624 (started by ME in C:\Users\ME\IdeaProjects\spring-test)
2021-09-30 19:32:04.908  INFO 25624 --- [    Test worker] com.chap2.test.web.HelloControllerTest   : No active profile set, falling back to default profiles: default
2021-09-30 19:32:05.664  INFO 25624 --- [    Test worker] o.s.s.concurrent.ThreadPoolTaskExecutor  : Initializing ExecutorService 'applicationTaskExecutor'
2021-09-30 19:32:05.711  INFO 25624 --- [    Test worker] o.s.b.a.w.s.WelcomePageHandlerMapping    : Adding welcome page template: index
2021-09-30 19:32:06.086  INFO 25624 --- [    Test worker] .s.s.UserDetailsServiceAutoConfiguration : 

Using generated security password: 53be988e-8db8-4f74-97ef-d416563e4a4b

2021-09-30 19:32:06.274  INFO 25624 --- [    Test worker] o.s.s.web.DefaultSecurityFilterChain     : Creating filter chain: any request, [org.springframework.security.web.context.request.async.WebAsyncManagerIntegrationFilter@6b4288dc, org.springframework.security.web.context.SecurityContextPersistenceFilter@77d318a, org.springframework.security.web.header.HeaderWriterFilter@68c34bce, org.springframework.security.web.csrf.CsrfFilter@2b0385e3, org.springframework.security.web.authentication.logout.LogoutFilter@697a9e6f, org.springframework.security.web.authentication.UsernamePasswordAuthenticationFilter@6bff5536, org.springframework.security.web.authentication.ui.DefaultLoginPageGeneratingFilter@8d0e9b4, org.springframework.security.web.authentication.ui.DefaultLogoutPageGeneratingFilter@796de227, org.springframework.security.web.authentication.www.BasicAuthenticationFilter@5fec38cf, org.springframework.security.web.savedrequest.RequestCacheAwareFilter@62429303, org.springframework.security.web.servletapi.SecurityContextHolderAwareRequestFilter@102d29be, org.springframework.security.web.authentication.AnonymousAuthenticationFilter@47f99785, org.springframework.security.web.session.SessionManagementFilter@5f58e7a8, org.springframework.security.web.access.ExceptionTranslationFilter@119e988e, org.springframework.security.web.access.intercept.FilterSecurityInterceptor@4f0e26c5]
2021-09-30 19:32:06.305  INFO 25624 --- [    Test worker] o.s.b.t.m.w.SpringBootMockServletContext : Initializing Spring TestDispatcherServlet ''
2021-09-30 19:32:06.305  INFO 25624 --- [    Test worker] o.s.t.web.servlet.TestDispatcherServlet  : Initializing Servlet ''
2021-09-30 19:32:06.321  INFO 25624 --- [    Test worker] o.s.t.web.servlet.TestDispatcherServlet  : Completed initialization in 16 ms
2021-09-30 19:32:06.368  INFO 25624 --- [    Test worker] com.chap2.test.web.HelloControllerTest   : Started HelloControllerTest in 1.523 seconds (JVM running for 15.188)
]]></system-out>
  <system-err><![CDATA[]]></system-err>
</testsuite>
